[2025:10:25 12:20:17] info:  PLACE: C:\Users\Youcode\Desktop\Nouveau dossier (3)\CareFlow\Utils\Logger.js
[2025:10:25 12:20:35] error: The difference between the request time and the server's time is too large. PLACE: C:\Users\Youcode\Desktop\Nouveau dossier (3)\CareFlow\Utils\Logger.js
[2025:10:25 12:20:35] info: ::1 - - [25/Oct/2025:10:20:35 +0000] "POST /api/files HTTP/1.1" 500 33 "-" "PostmanRuntime/7.49.0" PLACE: C:\Users\Youcode\Desktop\Nouveau dossier (3)\CareFlow\Utils\Logger.js
[2025:10:25 12:24:03] error: The difference between the request time and the server's time is too large. PLACE: C:\Users\Youcode\Desktop\Nouveau dossier (3)\CareFlow\Utils\Logger.js
[2025:10:25 12:24:03] info: ::1 - - [25/Oct/2025:10:24:03 +0000] "POST /api/files HTTP/1.1" 500 33 "-" "PostmanRuntime/7.49.0" PLACE: C:\Users\Youcode\Desktop\Nouveau dossier (3)\CareFlow\Utils\Logger.js
[2025:10:25 12:24:05] error: The difference between the request time and the server's time is too large. PLACE: C:\Users\Youcode\Desktop\Nouveau dossier (3)\CareFlow\Utils\Logger.js
[2025:10:25 12:24:05] info: ::1 - - [25/Oct/2025:10:24:05 +0000] "POST /api/files HTTP/1.1" 500 33 "-" "PostmanRuntime/7.49.0" PLACE: C:\Users\Youcode\Desktop\Nouveau dossier (3)\CareFlow\Utils\Logger.js
[2025:10:25 11:24:29] info:  PLACE: C:\Users\Youcode\Desktop\Nouveau dossier (3)\CareFlow\Utils\Logger.js
[2025:10:25 11:24:33] error: The difference between the request time and the server's time is too large. PLACE: C:\Users\Youcode\Desktop\Nouveau dossier (3)\CareFlow\Utils\Logger.js
[2025:10:25 11:24:33] info: ::1 - - [25/Oct/2025:10:24:33 +0000] "POST /api/files HTTP/1.1" 500 33 "-" "PostmanRuntime/7.49.0" PLACE: C:\Users\Youcode\Desktop\Nouveau dossier (3)\CareFlow\Utils\Logger.js
[2025:10:25 11:27:40] error: The difference between the request time and the server's time is too large. PLACE: C:\Users\Youcode\Desktop\Nouveau dossier (3)\CareFlow\Utils\Logger.js
[2025:10:25 11:27:40] info: ::1 - - [25/Oct/2025:10:27:40 +0000] "POST /api/files HTTP/1.1" 500 33 "-" "PostmanRuntime/7.49.0" PLACE: C:\Users\Youcode\Desktop\Nouveau dossier (3)\CareFlow\Utils\Logger.js
[2025:10:25 11:32:04] error: The difference between the request time and the server's time is too large. PLACE: C:\Users\Youcode\Desktop\Nouveau dossier (3)\CareFlow\Utils\Logger.js
[2025:10:25 11:32:04] info: ::1 - - [25/Oct/2025:10:32:04 +0000] "POST /api/files HTTP/1.1" 500 33 "-" "PostmanRuntime/7.49.0" PLACE: C:\Users\Youcode\Desktop\Nouveau dossier (3)\CareFlow\Utils\Logger.js
[2025:10:25 11:32:05] error: The difference between the request time and the server's time is too large. PLACE: C:\Users\Youcode\Desktop\Nouveau dossier (3)\CareFlow\Utils\Logger.js
[2025:10:25 11:32:05] info: ::1 - - [25/Oct/2025:10:32:05 +0000] "POST /api/files HTTP/1.1" 500 33 "-" "PostmanRuntime/7.49.0" PLACE: C:\Users\Youcode\Desktop\Nouveau dossier (3)\CareFlow\Utils\Logger.js
[2025:10:25 11:32:28] error: The difference between the request time and the server's time is too large. PLACE: C:\Users\Youcode\Desktop\Nouveau dossier (3)\CareFlow\Utils\Logger.js
[2025:10:25 11:32:28] info: ::1 - - [25/Oct/2025:10:32:28 +0000] "POST /api/files HTTP/1.1" 500 33 "-" "PostmanRuntime/7.49.0" PLACE: C:\Users\Youcode\Desktop\Nouveau dossier (3)\CareFlow\Utils\Logger.js
[2025:10:25 11:32:30] error: The difference between the request time and the server's time is too large. PLACE: C:\Users\Youcode\Desktop\Nouveau dossier (3)\CareFlow\Utils\Logger.js
[2025:10:25 11:32:30] info: ::1 - - [25/Oct/2025:10:32:30 +0000] "POST /api/files HTTP/1.1" 500 33 "-" "PostmanRuntime/7.49.0" PLACE: C:\Users\Youcode\Desktop\Nouveau dossier (3)\CareFlow\Utils\Logger.js
[2025:10:25 11:33:08] error: The difference between the request time and the server's time is too large. PLACE: C:\Users\Youcode\Desktop\Nouveau dossier (3)\CareFlow\Utils\Logger.js
[2025:10:25 11:33:08] info: ::1 - - [25/Oct/2025:10:33:08 +0000] "POST /api/files HTTP/1.1" 500 33 "-" "PostmanRuntime/7.49.0" PLACE: C:\Users\Youcode\Desktop\Nouveau dossier (3)\CareFlow\Utils\Logger.js
[2025:10:25 11:33:09] error: The difference between the request time and the server's time is too large. PLACE: C:\Users\Youcode\Desktop\Nouveau dossier (3)\CareFlow\Utils\Logger.js
[2025:10:25 11:33:09] info: ::1 - - [25/Oct/2025:10:33:09 +0000] "POST /api/files HTTP/1.1" 500 33 "-" "PostmanRuntime/7.49.0" PLACE: C:\Users\Youcode\Desktop\Nouveau dossier (3)\CareFlow\Utils\Logger.js
[2025:10:26 13:42:09] error: The difference between the request time and the server's time is too large. PLACE: C:\Users\Youcode\Desktop\Nouveau dossier (3)\CareFlow\Utils\Logger.js
[2025:10:26 13:42:09] info: ::1 - - [26/Oct/2025:12:42:09 +0000] "POST /api/files HTTP/1.1" 500 33 "-" "PostmanRuntime/7.49.0" PLACE: C:\Users\Youcode\Desktop\Nouveau dossier (3)\CareFlow\Utils\Logger.js
[2025:10:26 13:42:10] error: The difference between the request time and the server's time is too large. PLACE: C:\Users\Youcode\Desktop\Nouveau dossier (3)\CareFlow\Utils\Logger.js
[2025:10:26 13:42:10] info: ::1 - - [26/Oct/2025:12:42:10 +0000] "POST /api/files HTTP/1.1" 500 33 "-" "PostmanRuntime/7.49.0" PLACE: C:\Users\Youcode\Desktop\Nouveau dossier (3)\CareFlow\Utils\Logger.js
[2025:10:26 13:42:12] error: The difference between the request time and the server's time is too large. PLACE: C:\Users\Youcode\Desktop\Nouveau dossier (3)\CareFlow\Utils\Logger.js
[2025:10:26 13:42:12] info: ::1 - - [26/Oct/2025:12:42:12 +0000] "POST /api/files HTTP/1.1" 500 33 "-" "PostmanRuntime/7.49.0" PLACE: C:\Users\Youcode\Desktop\Nouveau dossier (3)\CareFlow\Utils\Logger.js
[2025:10:26 16:04:07] info:  PLACE: C:\Users\Youcode\Desktop\Nouveau dossier (3)\CareFlow\Utils\Logger.js
[2025:10:26 16:24:13] info: w PLACE: C:\Users\Youcode\Desktop\Nouveau dossier (3)\CareFlow\Utils\Logger.js
[2025:10:26 16:24:20] info: work on http PLACE: C:\Users\Youcode\Desktop\Nouveau dossier (3)\CareFlow\Utils\Logger.js
[2025:10:26 16:24:25] info: work on http://lo PLACE: C:\Users\Youcode\Desktop\Nouveau dossier (3)\CareFlow\Utils\Logger.js
[2025:10:26 16:24:31] info: work on http://localhost: PLACE: C:\Users\Youcode\Desktop\Nouveau dossier (3)\CareFlow\Utils\Logger.js
[2025:10:26 16:24:34] info: work on http://localhost:3000 PLACE: C:\Users\Youcode\Desktop\Nouveau dossier (3)\CareFlow\Utils\Logger.js
[2025:10:26 16:24:57] info: work on http://localhost:3000 PLACE: C:\Users\Youcode\Desktop\Nouveau dossier (3)\CareFlow\Utils\Logger.js
[2025:10:26 16:25:06] info: work on http://localhost:3000 PLACE: C:\Users\Youcode\Desktop\Nouveau dossier (3)\CareFlow\Utils\Logger.js
[2025:10:26 16:25:15] info: work on http://localhost:3000 PLACE: C:\Users\Youcode\Desktop\Nouveau dossier (3)\CareFlow\Utils\Logger.js
[2025:10:26 16:25:22] info: work on http://localhost:3000 PLACE: C:\Users\Youcode\Desktop\Nouveau dossier (3)\CareFlow\Utils\Logger.js
[2025:10:26 16:25:25] info: work on http://localhost:3000 PLACE: C:\Users\Youcode\Desktop\Nouveau dossier (3)\CareFlow\Utils\Logger.js
[2025:10:26 16:25:35] info: work on http://localhost:3000 PLACE: C:\Users\Youcode\Desktop\Nouveau dossier (3)\CareFlow\Utils\Logger.js
[2025:10:26 16:25:39] info: work on http://localhost:3000 PLACE: C:\Users\Youcode\Desktop\Nouveau dossier (3)\CareFlow\Utils\Logger.js
[2025:10:26 16:25:45] info: work on http://localhost:3000 PLACE: C:\Users\Youcode\Desktop\Nouveau dossier (3)\CareFlow\Utils\Logger.js
[2025:10:26 16:25:49] info: work on http://localhost:3000 PLACE: C:\Users\Youcode\Desktop\Nouveau dossier (3)\CareFlow\Utils\Logger.js
[2025:10:26 17:03:42] info: work on http://localhost:3000 PLACE: C:\Users\Youcode\Desktop\Nouveau dossier (3)\CareFlow\Utils\Logger.js
[2025:10:26 17:10:33] info: work on http://localhost:3000 PLACE: C:\Users\Youcode\Desktop\Nouveau dossier (3)\CareFlow\Utils\Logger.js
[2025:10:26 17:10:50] info: work on http://localhost:3000 PLACE: C:\Users\Youcode\Desktop\Nouveau dossier (3)\CareFlow\Utils\Logger.js
[2025:10:26 17:10:58] info: work on http://localhost:3000 PLACE: C:\Users\Youcode\Desktop\Nouveau dossier (3)\CareFlow\Utils\Logger.js
[2025:10:26 17:11:05] info: work on http://localhost:3000 PLACE: C:\Users\Youcode\Desktop\Nouveau dossier (3)\CareFlow\Utils\Logger.js
[2025:10:26 17:11:08] info: work on http://localhost:3000 PLACE: C:\Users\Youcode\Desktop\Nouveau dossier (3)\CareFlow\Utils\Logger.js
[2025:10:26 17:11:11] info: work on http://localhost:3000 PLACE: C:\Users\Youcode\Desktop\Nouveau dossier (3)\CareFlow\Utils\Logger.js
[2025:10:26 17:11:14] info: work on http://localhost:3000 PLACE: C:\Users\Youcode\Desktop\Nouveau dossier (3)\CareFlow\Utils\Logger.js
[2025:10:26 17:11:16] info: work on http://localhost:3000 PLACE: C:\Users\Youcode\Desktop\Nouveau dossier (3)\CareFlow\Utils\Logger.js
[2025:10:26 17:11:18] info: work on http://localhost:3000 PLACE: C:\Users\Youcode\Desktop\Nouveau dossier (3)\CareFlow\Utils\Logger.js
[2025:10:26 17:11:24] info: work on http://localhost:3000 PLACE: C:\Users\Youcode\Desktop\Nouveau dossier (3)\CareFlow\Utils\Logger.js
[2025:10:26 17:11:25] info: work on http://localhost:3000 PLACE: C:\Users\Youcode\Desktop\Nouveau dossier (3)\CareFlow\Utils\Logger.js
[2025:10:26 17:11:27] info: work on http://localhost:3000 PLACE: C:\Users\Youcode\Desktop\Nouveau dossier (3)\CareFlow\Utils\Logger.js
[2025:10:26 17:11:32] info: work on http://localhost:3000 PLACE: C:\Users\Youcode\Desktop\Nouveau dossier (3)\CareFlow\Utils\Logger.js
[2025:10:26 17:12:04] info: work on http://localhost:3000 PLACE: C:\Users\Youcode\Desktop\Nouveau dossier (3)\CareFlow\Utils\Logger.js
[2025:10:26 17:12:08] info: work on http://localhost:3000 PLACE: C:\Users\Youcode\Desktop\Nouveau dossier (3)\CareFlow\Utils\Logger.js
[2025:10:26 17:12:24] info: work on http://localhost:3000 PLACE: C:\Users\Youcode\Desktop\Nouveau dossier (3)\CareFlow\Utils\Logger.js
[2025:10:26 17:14:28] info: work on http://localhost:3000 PLACE: C:\Users\Youcode\Desktop\Nouveau dossier (3)\CareFlow\Utils\Logger.js
[2025:10:26 17:14:31] info: work on http://localhost:3000 PLACE: C:\Users\Youcode\Desktop\Nouveau dossier (3)\CareFlow\Utils\Logger.js
[2025:10:26 17:14:35] info: work on http://localhost:3000 PLACE: C:\Users\Youcode\Desktop\Nouveau dossier (3)\CareFlow\Utils\Logger.js
[2025:10:26 17:14:37] info: work on http://localhost:3000 PLACE: C:\Users\Youcode\Desktop\Nouveau dossier (3)\CareFlow\Utils\Logger.js
[2025:10:26 17:14:42] info: work on http://localhost:3000 PLACE: C:\Users\Youcode\Desktop\Nouveau dossier (3)\CareFlow\Utils\Logger.js
[2025:10:26 17:14:45] info: work on http://localhost:3000 PLACE: C:\Users\Youcode\Desktop\Nouveau dossier (3)\CareFlow\Utils\Logger.js
[2025:10:26 17:14:48] info: work on http://localhost:3000 PLACE: C:\Users\Youcode\Desktop\Nouveau dossier (3)\CareFlow\Utils\Logger.js
[2025:10:26 17:14:50] info: work on http://localhost:3000 PLACE: C:\Users\Youcode\Desktop\Nouveau dossier (3)\CareFlow\Utils\Logger.js
[2025:10:26 17:14:55] info: work on http://localhost:3000 PLACE: C:\Users\Youcode\Desktop\Nouveau dossier (3)\CareFlow\Utils\Logger.js
[2025:10:26 17:15:11] info: work on http://localhost:3000 PLACE: C:\Users\Youcode\Desktop\Nouveau dossier (3)\CareFlow\Utils\Logger.js
[2025:10:26 17:15:14] info: work on http://localhost:3000 PLACE: C:\Users\Youcode\Desktop\Nouveau dossier (3)\CareFlow\Utils\Logger.js
[2025:10:26 17:15:19] info: work on http://localhost:3000 PLACE: C:\Users\Youcode\Desktop\Nouveau dossier (3)\CareFlow\Utils\Logger.js
[2025:10:26 17:15:21] info: work on http://localhost:3000 PLACE: C:\Users\Youcode\Desktop\Nouveau dossier (3)\CareFlow\Utils\Logger.js
[2025:10:26 17:15:24] info: work on http://localhost:3000 PLACE: C:\Users\Youcode\Desktop\Nouveau dossier (3)\CareFlow\Utils\Logger.js
[2025:10:26 17:15:26] info: work on http://localhost:3000 PLACE: C:\Users\Youcode\Desktop\Nouveau dossier (3)\CareFlow\Utils\Logger.js
[2025:10:26 17:15:29] info: work on http://localhost:3000 PLACE: C:\Users\Youcode\Desktop\Nouveau dossier (3)\CareFlow\Utils\Logger.js
[2025:10:26 17:15:30] info: work on http://localhost:3000 PLACE: C:\Users\Youcode\Desktop\Nouveau dossier (3)\CareFlow\Utils\Logger.js
[2025:10:26 17:16:45] info: work on http://localhost:3000 PLACE: C:\Users\Youcode\Desktop\Nouveau dossier (3)\CareFlow\Utils\Logger.js
[2025:10:26 17:16:48] info: work on http://localhost:3000 PLACE: C:\Users\Youcode\Desktop\Nouveau dossier (3)\CareFlow\Utils\Logger.js
[2025:10:26 17:16:51] info: work on http://localhost:3000 PLACE: C:\Users\Youcode\Desktop\Nouveau dossier (3)\CareFlow\Utils\Logger.js
[2025:10:26 17:16:53] info: work on http://localhost:3000 PLACE: C:\Users\Youcode\Desktop\Nouveau dossier (3)\CareFlow\Utils\Logger.js
[2025:10:26 17:16:55] info: work on http://localhost:3000 PLACE: C:\Users\Youcode\Desktop\Nouveau dossier (3)\CareFlow\Utils\Logger.js
[2025:10:26 17:16:59] info: work on http://localhost:3000 PLACE: C:\Users\Youcode\Desktop\Nouveau dossier (3)\CareFlow\Utils\Logger.js
[2025:10:26 17:17:08] info: work on http://localhost:3000 PLACE: C:\Users\Youcode\Desktop\Nouveau dossier (3)\CareFlow\Utils\Logger.js
[2025:10:26 17:19:37] info: work on http://localhost:3000 PLACE: C:\Users\Youcode\Desktop\Nouveau dossier (3)\CareFlow\Utils\Logger.js
[2025:10:26 17:19:46] info: work on http://localhost:3000 PLACE: C:\Users\Youcode\Desktop\Nouveau dossier (3)\CareFlow\Utils\Logger.js
[2025:10:26 17:19:48] info: work on http://localhost:3000 PLACE: C:\Users\Youcode\Desktop\Nouveau dossier (3)\CareFlow\Utils\Logger.js
[2025:10:26 17:19:53] info: work on http://localhost:3000 PLACE: C:\Users\Youcode\Desktop\Nouveau dossier (3)\CareFlow\Utils\Logger.js
[2025:10:26 17:20:02] info: work on http://localhost:3000 PLACE: C:\Users\Youcode\Desktop\Nouveau dossier (3)\CareFlow\Utils\Logger.js
[2025:10:26 17:20:05] info: work on http://localhost:3000 PLACE: C:\Users\Youcode\Desktop\Nouveau dossier (3)\CareFlow\Utils\Logger.js
[2025:10:26 17:48:25] info: work on http://localhost:3000 PLACE: C:\Users\Youcode\Desktop\Nouveau dossier (3)\CareFlow\Utils\Logger.js
[2025:10:26 17:48:29] info: work on http://localhost:3000 PLACE: C:\Users\Youcode\Desktop\Nouveau dossier (3)\CareFlow\Utils\Logger.js
[2025:10:26 17:48:33] info: work on http://localhost:3000 PLACE: C:\Users\Youcode\Desktop\Nouveau dossier (3)\CareFlow\Utils\Logger.js
[2025:10:26 17:48:38] info: work on http://localhost:3000 PLACE: C:\Users\Youcode\Desktop\Nouveau dossier (3)\CareFlow\Utils\Logger.js
[2025:10:26 17:48:40] info: work on http://localhost:3000 PLACE: C:\Users\Youcode\Desktop\Nouveau dossier (3)\CareFlow\Utils\Logger.js
[2025:10:26 17:48:45] info: work on http://localhost:3000 PLACE: C:\Users\Youcode\Desktop\Nouveau dossier (3)\CareFlow\Utils\Logger.js
[2025:10:26 17:48:50] info: work on http://localhost:3000 PLACE: C:\Users\Youcode\Desktop\Nouveau dossier (3)\CareFlow\Utils\Logger.js
[2025:10:26 17:49:06] info: work on http://localhost:3000 PLACE: C:\Users\Youcode\Desktop\Nouveau dossier (3)\CareFlow\Utils\Logger.js
[2025:10:26 17:49:09] info: work on http://localhost:3000 PLACE: C:\Users\Youcode\Desktop\Nouveau dossier (3)\CareFlow\Utils\Logger.js
[2025:10:26 17:49:17] info: work on http://localhost:3000 PLACE: C:\Users\Youcode\Desktop\Nouveau dossier (3)\CareFlow\Utils\Logger.js
[2025:10:26 17:49:20] info: work on http://localhost:3000 PLACE: C:\Users\Youcode\Desktop\Nouveau dossier (3)\CareFlow\Utils\Logger.js
[2025:10:26 17:49:22] info: work on http://localhost:3000 PLACE: C:\Users\Youcode\Desktop\Nouveau dossier (3)\CareFlow\Utils\Logger.js
[2025:10:26 17:49:25] info: work on http://localhost:3000 PLACE: C:\Users\Youcode\Desktop\Nouveau dossier (3)\CareFlow\Utils\Logger.js
[2025:10:26 17:49:30] info: work on http://localhost:3000 PLACE: C:\Users\Youcode\Desktop\Nouveau dossier (3)\CareFlow\Utils\Logger.js
[2025:10:26 17:49:33] info: work on http://localhost:3000 PLACE: C:\Users\Youcode\Desktop\Nouveau dossier (3)\CareFlow\Utils\Logger.js
[2025:10:26 17:50:05] info: work on http://localhost:3000 PLACE: C:\Users\Youcode\Desktop\Nouveau dossier (3)\CareFlow\Utils\Logger.js
[2025:10:26 17:50:10] info: work on http://localhost:3000 PLACE: C:\Users\Youcode\Desktop\Nouveau dossier (3)\CareFlow\Utils\Logger.js
[2025:10:26 17:50:13] info: work on http://localhost:3000 PLACE: C:\Users\Youcode\Desktop\Nouveau dossier (3)\CareFlow\Utils\Logger.js
[2025:10:26 17:50:15] info: work on http://localhost:3000 PLACE: C:\Users\Youcode\Desktop\Nouveau dossier (3)\CareFlow\Utils\Logger.js
[2025:10:26 17:50:17] info: work on http://localhost:3000 PLACE: C:\Users\Youcode\Desktop\Nouveau dossier (3)\CareFlow\Utils\Logger.js
[2025:10:26 17:50:23] info: work on http://localhost:3000 PLACE: C:\Users\Youcode\Desktop\Nouveau dossier (3)\CareFlow\Utils\Logger.js
[2025:10:26 17:51:10] info: work on http://localhost:3000 PLACE: C:\Users\Youcode\Desktop\Nouveau dossier (3)\CareFlow\Utils\Logger.js
[2025:10:26 17:51:17] info: work on http://localhost:3000 PLACE: C:\Users\Youcode\Desktop\Nouveau dossier (3)\CareFlow\Utils\Logger.js
[2025:10:26 17:51:21] info: work on http://localhost:3000 PLACE: C:\Users\Youcode\Desktop\Nouveau dossier (3)\CareFlow\Utils\Logger.js
[2025:10:26 17:51:50] info: work on http://localhost:3000 PLACE: C:\Users\Youcode\Desktop\Nouveau dossier (3)\CareFlow\Utils\Logger.js
[2025:10:26 17:51:57] info: work on http://localhost:3000 PLACE: C:\Users\Youcode\Desktop\Nouveau dossier (3)\CareFlow\Utils\Logger.js
[2025:10:26 17:52:01] info: work on http://localhost:3000 PLACE: C:\Users\Youcode\Desktop\Nouveau dossier (3)\CareFlow\Utils\Logger.js
[2025:10:26 17:52:02] info: work on http://localhost:3000 PLACE: C:\Users\Youcode\Desktop\Nouveau dossier (3)\CareFlow\Utils\Logger.js
[2025:10:26 17:52:07] info: work on http://localhost:3000 PLACE: C:\Users\Youcode\Desktop\Nouveau dossier (3)\CareFlow\Utils\Logger.js
[2025:10:26 17:52:11] info: work on http://localhost:3000 PLACE: C:\Users\Youcode\Desktop\Nouveau dossier (3)\CareFlow\Utils\Logger.js
[2025:10:26 17:52:13] info: work on http://localhost:3000 PLACE: C:\Users\Youcode\Desktop\Nouveau dossier (3)\CareFlow\Utils\Logger.js
[2025:10:26 17:52:15] info: work on http://localhost:3000 PLACE: C:\Users\Youcode\Desktop\Nouveau dossier (3)\CareFlow\Utils\Logger.js
[2025:10:26 17:52:17] info: work on http://localhost:3000 PLACE: C:\Users\Youcode\Desktop\Nouveau dossier (3)\CareFlow\Utils\Logger.js
[2025:10:26 17:52:22] info: work on http://localhost:3000 PLACE: C:\Users\Youcode\Desktop\Nouveau dossier (3)\CareFlow\Utils\Logger.js
[2025:10:26 17:52:23] info: work on http://localhost:3000 PLACE: C:\Users\Youcode\Desktop\Nouveau dossier (3)\CareFlow\Utils\Logger.js
[2025:10:26 17:52:27] info: work on http://localhost:3000 PLACE: C:\Users\Youcode\Desktop\Nouveau dossier (3)\CareFlow\Utils\Logger.js
[2025:10:26 17:52:58] info: work on http://localhost:3000 PLACE: C:\Users\Youcode\Desktop\Nouveau dossier (3)\CareFlow\Utils\Logger.js
[2025:10:26 17:53:01] info: work on http://localhost:3000 PLACE: C:\Users\Youcode\Desktop\Nouveau dossier (3)\CareFlow\Utils\Logger.js
[2025:10:26 17:53:03] info: work on http://localhost:3000 PLACE: C:\Users\Youcode\Desktop\Nouveau dossier (3)\CareFlow\Utils\Logger.js
[2025:10:26 17:53:12] info: work on http://localhost:3000 PLACE: C:\Users\Youcode\Desktop\Nouveau dossier (3)\CareFlow\Utils\Logger.js
[2025:10:26 17:53:13] info: work on http://localhost:3000 PLACE: C:\Users\Youcode\Desktop\Nouveau dossier (3)\CareFlow\Utils\Logger.js
[2025:10:26 17:53:19] info: work on http://localhost:3000 PLACE: C:\Users\Youcode\Desktop\Nouveau dossier (3)\CareFlow\Utils\Logger.js
[2025:10:26 17:53:20] info: work on http://localhost:3000 PLACE: C:\Users\Youcode\Desktop\Nouveau dossier (3)\CareFlow\Utils\Logger.js
[2025:10:26 17:53:22] info: work on http://localhost:3000 PLACE: C:\Users\Youcode\Desktop\Nouveau dossier (3)\CareFlow\Utils\Logger.js
[2025:10:26 17:53:33] info: work on http://localhost:3000 PLACE: C:\Users\Youcode\Desktop\Nouveau dossier (3)\CareFlow\Utils\Logger.js
[2025:10:26 17:53:43] info: work on http://localhost:3000 PLACE: C:\Users\Youcode\Desktop\Nouveau dossier (3)\CareFlow\Utils\Logger.js
[2025:10:26 17:53:45] info: work on http://localhost:3000 PLACE: C:\Users\Youcode\Desktop\Nouveau dossier (3)\CareFlow\Utils\Logger.js
[2025:10:26 17:54:39] info: work on http://localhost:3000 PLACE: C:\Users\Youcode\Desktop\Nouveau dossier (3)\CareFlow\Utils\Logger.js
[2025:10:26 17:54:45] info: work on http://localhost:3000 PLACE: C:\Users\Youcode\Desktop\Nouveau dossier (3)\CareFlow\Utils\Logger.js
[2025:10:26 17:54:53] info: work on http://localhost:3000 PLACE: C:\Users\Youcode\Desktop\Nouveau dossier (3)\CareFlow\Utils\Logger.js
[2025:10:26 17:54:58] info: work on http://localhost:3000 PLACE: C:\Users\Youcode\Desktop\Nouveau dossier (3)\CareFlow\Utils\Logger.js
[2025:10:26 17:55:02] info: work on http://localhost:3000 PLACE: C:\Users\Youcode\Desktop\Nouveau dossier (3)\CareFlow\Utils\Logger.js
[2025:10:26 17:55:18] info: work on http://localhost:3000 PLACE: C:\Users\Youcode\Desktop\Nouveau dossier (3)\CareFlow\Utils\Logger.js
[2025:10:26 17:55:20] info: work on http://localhost:3000 PLACE: C:\Users\Youcode\Desktop\Nouveau dossier (3)\CareFlow\Utils\Logger.js
[2025:10:26 17:55:37] info: work on http://localhost:3000 PLACE: C:\Users\Youcode\Desktop\Nouveau dossier (3)\CareFlow\Utils\Logger.js
[2025:10:26 17:55:51] info: work on http://localhost:3000 PLACE: C:\Users\Youcode\Desktop\Nouveau dossier (3)\CareFlow\Utils\Logger.js
[2025:10:26 17:55:54] info: work on http://localhost:3000 PLACE: C:\Users\Youcode\Desktop\Nouveau dossier (3)\CareFlow\Utils\Logger.js
[2025:10:26 18:20:13] info: work on http://localhost:3000 PLACE: C:\Users\Youcode\Desktop\Nouveau dossier (3)\CareFlow\Utils\Logger.js
[2025:10:26 18:20:22] info: work on http://localhost:3000 PLACE: C:\Users\Youcode\Desktop\Nouveau dossier (3)\CareFlow\Utils\Logger.js
[2025:10:26 18:20:26] info: work on http://localhost:3000 PLACE: C:\Users\Youcode\Desktop\Nouveau dossier (3)\CareFlow\Utils\Logger.js
[2025:10:26 18:20:28] info: work on http://localhost:3000 PLACE: C:\Users\Youcode\Desktop\Nouveau dossier (3)\CareFlow\Utils\Logger.js
[2025:10:26 18:20:31] info: work on http://localhost:3000 PLACE: C:\Users\Youcode\Desktop\Nouveau dossier (3)\CareFlow\Utils\Logger.js
[2025:10:26 18:29:23] info: work on http://localhost:3000 PLACE: C:\Users\Youcode\Desktop\Nouveau dossier (3)\CareFlow\Utils\Logger.js
[2025:10:26 18:29:39] info: work on http://localhost:3000 PLACE: C:\Users\Youcode\Desktop\Nouveau dossier (3)\CareFlow\Utils\Logger.js
[2025:10:26 18:29:40] info: work on http://localhost:3000 PLACE: C:\Users\Youcode\Desktop\Nouveau dossier (3)\CareFlow\Utils\Logger.js
[2025:10:26 18:33:46] info: work on http://localhost:3000 PLACE: C:\Users\Youcode\Desktop\Nouveau dossier (3)\CareFlow\Utils\Logger.js
[2025:10:26 19:40:27] info: work on http://localhost:3000 PLACE: C:\Users\Youcode\Desktop\Nouveau dossier (3)\CareFlow\Utils\Logger.js
[2025:10:26 19:57:24] info: work on http://localhost:3000 PLACE: C:\Users\Youcode\Desktop\Nouveau dossier (3)\CareFlow\Utils\Logger.js
[2025:10:26 19:57:41] info: work on http://localhost:3000 PLACE: C:\Users\Youcode\Desktop\Nouveau dossier (3)\CareFlow\Utils\Logger.js
[2025:10:26 19:57:44] info: work on http://localhost:3000 PLACE: C:\Users\Youcode\Desktop\Nouveau dossier (3)\CareFlow\Utils\Logger.js
[2025:10:26 19:57:46] info: work on http://localhost:3000 PLACE: C:\Users\Youcode\Desktop\Nouveau dossier (3)\CareFlow\Utils\Logger.js
[2025:10:26 19:57:48] info: work on http://localhost:3000 PLACE: C:\Users\Youcode\Desktop\Nouveau dossier (3)\CareFlow\Utils\Logger.js
[2025:10:26 19:57:53] info: work on http://localhost:3000 PLACE: C:\Users\Youcode\Desktop\Nouveau dossier (3)\CareFlow\Utils\Logger.js
[2025:10:26 19:57:59] info: work on http://localhost:3000 PLACE: C:\Users\Youcode\Desktop\Nouveau dossier (3)\CareFlow\Utils\Logger.js
[2025:10:26 19:58:05] info: work on http://localhost:3000 PLACE: C:\Users\Youcode\Desktop\Nouveau dossier (3)\CareFlow\Utils\Logger.js
[2025:10:26 19:58:10] info: work on http://localhost:3000 PLACE: C:\Users\Youcode\Desktop\Nouveau dossier (3)\CareFlow\Utils\Logger.js
[2025:10:26 20:00:02] info: work on http://localhost:3000 PLACE: C:\Users\Youcode\Desktop\Nouveau dossier (3)\CareFlow\Utils\Logger.js
[2025:10:26 20:00:04] info: work on http://localhost:3000 PLACE: C:\Users\Youcode\Desktop\Nouveau dossier (3)\CareFlow\Utils\Logger.js
[2025:10:26 20:00:09] info: work on http://localhost:3000 PLACE: C:\Users\Youcode\Desktop\Nouveau dossier (3)\CareFlow\Utils\Logger.js
[2025:10:26 20:00:19] info: work on http://localhost:3000 PLACE: C:\Users\Youcode\Desktop\Nouveau dossier (3)\CareFlow\Utils\Logger.js
[2025:10:26 20:00:25] info: work on http://localhost:3000 PLACE: C:\Users\Youcode\Desktop\Nouveau dossier (3)\CareFlow\Utils\Logger.js
[2025:10:26 20:00:35] info: work on http://localhost:3000 PLACE: C:\Users\Youcode\Desktop\Nouveau dossier (3)\CareFlow\Utils\Logger.js
[2025:10:26 20:00:38] info: work on http://localhost:3000 PLACE: C:\Users\Youcode\Desktop\Nouveau dossier (3)\CareFlow\Utils\Logger.js
[2025:10:26 20:00:47] info: work on http://localhost:3000 PLACE: C:\Users\Youcode\Desktop\Nouveau dossier (3)\CareFlow\Utils\Logger.js
[2025:10:26 20:00:53] info: work on http://localhost:3000 PLACE: C:\Users\Youcode\Desktop\Nouveau dossier (3)\CareFlow\Utils\Logger.js
[2025:10:26 20:00:56] info: work on http://localhost:3000 PLACE: C:\Users\Youcode\Desktop\Nouveau dossier (3)\CareFlow\Utils\Logger.js
[2025:10:26 20:01:06] info: work on http://localhost:3000 PLACE: C:\Users\Youcode\Desktop\Nouveau dossier (3)\CareFlow\Utils\Logger.js
[2025:10:26 20:01:12] info: work on http://localhost:3000 PLACE: C:\Users\Youcode\Desktop\Nouveau dossier (3)\CareFlow\Utils\Logger.js
[2025:10:26 20:01:19] info: work on http://localhost:3000 PLACE: C:\Users\Youcode\Desktop\Nouveau dossier (3)\CareFlow\Utils\Logger.js
[2025:10:26 20:01:28] info: work on http://localhost:3000 PLACE: C:\Users\Youcode\Desktop\Nouveau dossier (3)\CareFlow\Utils\Logger.js
[2025:10:26 20:01:33] info: work on http://localhost:3000 PLACE: C:\Users\Youcode\Desktop\Nouveau dossier (3)\CareFlow\Utils\Logger.js
[2025:10:26 20:01:41] info: work on http://localhost:3000 PLACE: C:\Users\Youcode\Desktop\Nouveau dossier (3)\CareFlow\Utils\Logger.js
[2025:10:26 20:01:54] info: work on http://localhost:3000 PLACE: C:\Users\Youcode\Desktop\Nouveau dossier (3)\CareFlow\Utils\Logger.js
[2025:10:26 20:02:12] info: work on http://localhost:3000 PLACE: C:\Users\Youcode\Desktop\Nouveau dossier (3)\CareFlow\Utils\Logger.js
[2025:10:26 20:02:17] info: work on http://localhost:3000 PLACE: C:\Users\Youcode\Desktop\Nouveau dossier (3)\CareFlow\Utils\Logger.js
[2025:10:26 20:02:27] info: work on http://localhost:3000 PLACE: C:\Users\Youcode\Desktop\Nouveau dossier (3)\CareFlow\Utils\Logger.js
[2025:10:26 20:02:33] info: work on http://localhost:3000 PLACE: C:\Users\Youcode\Desktop\Nouveau dossier (3)\CareFlow\Utils\Logger.js
[2025:10:26 20:02:41] info: work on http://localhost:3000 PLACE: C:\Users\Youcode\Desktop\Nouveau dossier (3)\CareFlow\Utils\Logger.js
[2025:10:26 20:02:48] info: work on http://localhost:3000 PLACE: C:\Users\Youcode\Desktop\Nouveau dossier (3)\CareFlow\Utils\Logger.js
[2025:10:26 20:02:51] info: work on http://localhost:3000 PLACE: C:\Users\Youcode\Desktop\Nouveau dossier (3)\CareFlow\Utils\Logger.js
[2025:10:26 20:03:13] info: work on http://localhost:3000 PLACE: C:\Users\Youcode\Desktop\Nouveau dossier (3)\CareFlow\Utils\Logger.js
[2025:10:26 20:03:20] info: work on http://localhost:3000 PLACE: C:\Users\Youcode\Desktop\Nouveau dossier (3)\CareFlow\Utils\Logger.js
[2025:10:26 20:06:59] info: work on http://localhost:3000 PLACE: C:\Users\Youcode\Desktop\Nouveau dossier (3)\CareFlow\Utils\Logger.js
[2025:10:26 20:07:48] info: work on http://localhost:3000 PLACE: C:\Users\Youcode\Desktop\Nouveau dossier (3)\CareFlow\Utils\Logger.js
[2025:10:26 20:08:55] info: work on http://localhost:3000 PLACE: C:\Users\Youcode\Desktop\Nouveau dossier (3)\CareFlow\Utils\Logger.js
[2025:10:26 20:09:00] info: work on http://localhost:3000 PLACE: C:\Users\Youcode\Desktop\Nouveau dossier (3)\CareFlow\Utils\Logger.js
[2025:10:26 20:10:11] info: work on http://localhost:3000 PLACE: C:\Users\Youcode\Desktop\Nouveau dossier (3)\CareFlow\Utils\Logger.js
[2025:10:26 20:10:14] info: work on http://localhost:3000 PLACE: C:\Users\Youcode\Desktop\Nouveau dossier (3)\CareFlow\Utils\Logger.js
[2025:10:26 20:10:28] info: work on http://localhost:3000 PLACE: C:\Users\Youcode\Desktop\Nouveau dossier (3)\CareFlow\Utils\Logger.js
[2025:10:26 20:13:36] info: work on http://localhost:3000 PLACE: C:\Users\Youcode\Desktop\Nouveau dossier (3)\CareFlow\Utils\Logger.js
[2025:10:26 20:13:40] info: work on http://localhost:3000 PLACE: C:\Users\Youcode\Desktop\Nouveau dossier (3)\CareFlow\Utils\Logger.js
[2025:10:26 20:14:01] info: work on http://localhost:3000 PLACE: C:\Users\Youcode\Desktop\Nouveau dossier (3)\CareFlow\Utils\Logger.js
[2025:10:26 20:14:09] info: work on http://localhost:3000 PLACE: C:\Users\Youcode\Desktop\Nouveau dossier (3)\CareFlow\Utils\Logger.js
[2025:10:26 20:14:15] info: work on http://localhost:3000 PLACE: C:\Users\Youcode\Desktop\Nouveau dossier (3)\CareFlow\Utils\Logger.js
[2025:10:26 20:14:19] info: work on http://localhost:3000 PLACE: C:\Users\Youcode\Desktop\Nouveau dossier (3)\CareFlow\Utils\Logger.js
[2025:10:26 20:14:26] info: work on http://localhost:3000 PLACE: C:\Users\Youcode\Desktop\Nouveau dossier (3)\CareFlow\Utils\Logger.js
[2025:10:26 20:14:31] info: work on http://localhost:3000 PLACE: C:\Users\Youcode\Desktop\Nouveau dossier (3)\CareFlow\Utils\Logger.js
[2025:10:26 20:14:33] info: work on http://localhost:3000 PLACE: C:\Users\Youcode\Desktop\Nouveau dossier (3)\CareFlow\Utils\Logger.js
