[2025:10:24 15:15:38] info: 
[2025:10:24 15:15:51] info: 
[2025:10:24 15:15:59] info: 
[2025:10:24 15:16:01] info: 
[2025:10:24 15:16:05] info: 
[2025:10:24 15:16:06] info: 
[2025:10:24 15:16:07] info: 
[2025:10:24 15:16:13] info: 
[2025:10:24 15:16:18] info: 
[2025:10:24 15:16:28] info: 
[2025:10:24 15:17:35] info:  
[2025:10:24 15:17:37] info:  place
[2025:10:24 15:17:39] info:  place:
[2025:10:24 15:17:44] info:  :
[2025:10:24 15:17:46] info:  PLACE:
[2025:10:24 15:17:50] info:  PLACE: $
[2025:10:24 15:17:53] info:  PLACE: C:\Users\Youcode\Desktop\Nouveau dossier (3)\CareFlow\Logs\info.log
[2025:10:24 15:18:00] info:  PLACE: C:\Users\Youcode\Desktop\Nouveau dossier (3)\CareFlow\server.js
[2025:10:24 15:18:09] info:  PLACE: C:\Users\Youcode\Desktop\Nouveau dossier (3)\CareFlow\server.js
[2025:10:24 15:19:19] info: ::1 - - [24/Oct/2025:13:19:19 +0000] "POST /api/tritments/68f69d88468f0346b3bc8d08 HTTP/1.1" 200 309 "-" "PostmanRuntime/7.49.0" PLACE: C:\Users\Youcode\Desktop\Nouveau dossier (3)\CareFlow\server.js
[2025:10:24 15:20:00] info:  PLACE: C:\Users\Youcode\Desktop\Nouveau dossier (3)\CareFlow\server.js
[2025:10:24 15:20:02] info:  PLACE: C:\Users\Youcode\Desktop\Nouveau dossier (3)\CareFlow\server.js
[2025:10:24 15:20:04] info:  PLACE: C:\Users\Youcode\Desktop\Nouveau dossier (3)\CareFlow\server.js
[2025:10:24 15:20:23] info:  PLACE: C:\Users\Youcode\Desktop\Nouveau dossier (3)\CareFlow\server.js
[2025:10:24 15:38:28] info:  PLACE: C:\Users\Youcode\Desktop\Nouveau dossier (3)\CareFlow\server.js
[2025:10:25 12:10:22] info:  PLACE: C:\Users\Youcode\Desktop\Nouveau dossier (3)\CareFlow\server.js
[2025:10:25 12:10:36] info:  PLACE: C:\Users\Youcode\Desktop\Nouveau dossier (3)\CareFlow\server.js
[2025:10:25 12:10:41] info: ::1 - - [25/Oct/2025:10:10:41 +0000] "POST /api/ HTTP/1.1" 404 144 "-" "PostmanRuntime/7.49.0" PLACE: C:\Users\Youcode\Desktop\Nouveau dossier (3)\CareFlow\server.js
[2025:10:25 12:10:48] info: ::1 - - [25/Oct/2025:10:10:48 +0000] "POST /api HTTP/1.1" 404 143 "-" "PostmanRuntime/7.49.0" PLACE: C:\Users\Youcode\Desktop\Nouveau dossier (3)\CareFlow\server.js
[2025:10:25 12:11:06] info: ::1 - - [25/Oct/2025:10:11:06 +0000] "POST /api/files HTTP/1.1" 500 353 "-" "PostmanRuntime/7.49.0" PLACE: C:\Users\Youcode\Desktop\Nouveau dossier (3)\CareFlow\server.js
[2025:10:25 12:16:07] info:  PLACE: C:\Users\Youcode\Desktop\Nouveau dossier (3)\CareFlow\server.js
